0 info it worked if it ends with ok
1 verbose cli [ '/usr/local/bin/node', '/usr/local/bin/npm', 'start' ]
2 info using npm@3.9.3
3 info using node@v5.5.0
4 verbose run-script [ 'prestart', 'start', 'poststart' ]
5 info lifecycle asteroids_game@1.0.0~prestart: asteroids_game@1.0.0
6 silly lifecycle asteroids_game@1.0.0~prestart: no script for prestart, continuing
7 info lifecycle asteroids_game@1.0.0~start: asteroids_game@1.0.0
8 verbose lifecycle asteroids_game@1.0.0~start: unsafe-perm in lifecycle true
9 verbose lifecycle asteroids_game@1.0.0~start: PATH: /usr/local/lib/node_modules/npm/bin/node-gyp-bin:/Users/kass/Desktop/NodeProjects/AsteroidsGame/node_modules/.bin:/usr/local/bin:/Users/kass/.rvm/gems/ruby-2.2.3/bin:/Users/kass/.rvm/gems/ruby-2.2.3@global/bin:/Users/kass/.rvm/rubies/ruby-2.2.3/bin:/Users/kass/.rvm/bin:/Users/kass/Library/Enthought/Canopy_64bit/User/bin:/usr/local/bin:/usr/local/bin:/usr/bin:/bin:/usr/sbin:/sbin:/opt/X11/bin:/Users/kass/.rvm/bin
10 verbose lifecycle asteroids_game@1.0.0~start: CWD: /Users/kass/Desktop/NodeProjects/AsteroidsGame
11 silly lifecycle asteroids_game@1.0.0~start: Args: [ '-c', 'node astroServer.js /dev/cu.SLAB_USBtoUART' ]
12 silly lifecycle asteroids_game@1.0.0~start: Returned: code: 1  signal: null
13 info lifecycle asteroids_game@1.0.0~start: Failed to exec start script
14 verbose stack Error: asteroids_game@1.0.0 start: `node astroServer.js /dev/cu.SLAB_USBtoUART`
14 verbose stack Exit status 1
14 verbose stack     at EventEmitter.<anonymous> (/usr/local/lib/node_modules/npm/lib/utils/lifecycle.js:245:16)
14 verbose stack     at emitTwo (events.js:100:13)
14 verbose stack     at EventEmitter.emit (events.js:185:7)
14 verbose stack     at ChildProcess.<anonymous> (/usr/local/lib/node_modules/npm/lib/utils/spawn.js:24:14)
14 verbose stack     at emitTwo (events.js:100:13)
14 verbose stack     at ChildProcess.emit (events.js:185:7)
14 verbose stack     at maybeClose (internal/child_process.js:821:16)
14 verbose stack     at Process.ChildProcess._handle.onexit (internal/child_process.js:211:5)
15 verbose pkgid asteroids_game@1.0.0
16 verbose cwd /Users/kass/Desktop/NodeProjects/AsteroidsGame
17 error Darwin 15.6.0
18 error argv "/usr/local/bin/node" "/usr/local/bin/npm" "start"
19 error node v5.5.0
20 error npm  v3.9.3
21 error code ELIFECYCLE
22 error asteroids_game@1.0.0 start: `node astroServer.js /dev/cu.SLAB_USBtoUART`
22 error Exit status 1
23 error Failed at the asteroids_game@1.0.0 start script 'node astroServer.js /dev/cu.SLAB_USBtoUART'.
23 error Make sure you have the latest version of node.js and npm installed.
23 error If you do, this is most likely a problem with the asteroids_game package,
23 error not with npm itself.
23 error Tell the author that this fails on your system:
23 error     node astroServer.js /dev/cu.SLAB_USBtoUART
23 error You can get information on how to open an issue for this project with:
23 error     npm bugs asteroids_game
23 error Or if that isn't available, you can get their info via:
23 error     npm owner ls asteroids_game
23 error There is likely additional logging output above.
24 verbose exit [ 1, true ]
